================================================================================
AdvecDriver1D - Log de Execução
Data e Hora: 2025-05-30 15:41:25
================================================================================

1. Informações de Discretização Espacial
---------------------------------------------------------------------------
Dimensão espacial: 1
Ordem de interpolação polinomial, N: 3
Número de elementos, K: 20
Vértices, VX: [ 0.  1.  2.  3.  4.  5.  6.  7.  8.  9. 10. 11. 12. 13. 14. 15. 16. 17.
 18. 19. 20.]
Número de vértices: 21
EToV:
[[ 0  1]
 [ 1  2]
 [ 2  3]
 [ 3  4]
 [ 4  5]
 [ 5  6]
 [ 6  7]
 [ 7  8]
 [ 8  9]
 [ 9 10]
 [10 11]
 [11 12]
 [12 13]
 [13 14]
 [14 15]
 [15 16]
 [16 17]
 [17 18]
 [18 19]
 [19 20]]

2. Inicialização - StartUp1D
---------------------------------------------------------------------------
Pontos de colocação (LGL): [-1.     -0.4472  0.4472  1.    ]

Coordenadas nodais x:
[[ 0.      1.      2.      3.      4.      5.      6.      7.      8.
   9.     10.     11.     12.     13.     14.     15.     16.     17.
  18.     19.    ]
 [ 0.2764  1.2764  2.2764  3.2764  4.2764  5.2764  6.2764  7.2764  8.2764
   9.2764 10.2764 11.2764 12.2764 13.2764 14.2764 15.2764 16.2764 17.2764
  18.2764 19.2764]
 [ 0.7236  1.7236  2.7236  3.7236  4.7236  5.7236  6.7236  7.7236  8.7236
   9.7236 10.7236 11.7236 12.7236 13.7236 14.7236 15.7236 16.7236 17.7236
  18.7236 19.7236]
 [ 1.      2.      3.      4.      5.      6.      7.      8.      9.
  10.     11.     12.     13.     14.     15.     16.     17.     18.
  19.     20.    ]]

Jacobiano:
[[0.5 0.5 0.5 0.5 0.5 0.5 0.5 0.5 0.5 0.5 0.5 0.5 0.5 0.5 0.5 0.5 0.5 0.5
  0.5 0.5]
 [0.5 0.5 0.5 0.5 0.5 0.5 0.5 0.5 0.5 0.5 0.5 0.5 0.5 0.5 0.5 0.5 0.5 0.5
  0.5 0.5]
 [0.5 0.5 0.5 0.5 0.5 0.5 0.5 0.5 0.5 0.5 0.5 0.5 0.5 0.5 0.5 0.5 0.5 0.5
  0.5 0.5]
 [0.5 0.5 0.5 0.5 0.5 0.5 0.5 0.5 0.5 0.5 0.5 0.5 0.5 0.5 0.5 0.5 0.5 0.5
  0.5 0.5]]

Jacobiano inverso rx:
[[2. 2. 2. 2. 2. 2. 2. 2. 2. 2. 2. 2. 2. 2. 2. 2. 2. 2. 2. 2.]
 [2. 2. 2. 2. 2. 2. 2. 2. 2. 2. 2. 2. 2. 2. 2. 2. 2. 2. 2. 2.]
 [2. 2. 2. 2. 2. 2. 2. 2. 2. 2. 2. 2. 2. 2. 2. 2. 2. 2. 2. 2.]
 [2. 2. 2. 2. 2. 2. 2. 2. 2. 2. 2. 2. 2. 2. 2. 2. 2. 2. 2. 2.]]

Mapas de conectividade:
  vmapM: [ 0  3  4  7  8 11 12 15 16 19 20 23 24 27 28 31 32 35 36 39 40 43 44 47
 48 51 52 55 56 59 60 63 64 67 68 71 72 75 76 79]
  vmapP: [79  4  3  8  7 12 11 16 15 20 19 24 23 28 27 32 31 36 35 40 39 44 43 48
 47 52 51 56 55 60 59 64 63 68 67 72 71 76 75  0]
  vmapB: [ 0 79]
   mapB: [ 0 39]

Normais nas interfaces nx:
[[-1. -1. -1. -1. -1. -1. -1. -1. -1. -1. -1. -1. -1. -1. -1. -1. -1. -1.
  -1. -1.]
 [ 1.  1.  1.  1.  1.  1.  1.  1.  1.  1.  1.  1.  1.  1.  1.  1.  1.  1.
   1.  1.]]

3. Informações do Driver
---------------------------------------------------------------------------
Tipo de fluxo: Upwind
Condição de contorno: {'LEFT': 'PEC', 'RIGHT': 'PEC'}

DG Solution u_h
---------------
     D1      D2      D3      D4      D5      D6      D7      D8      D9     D10     D11     D12     D13     D14     D15     D16     D17    D18    D19     D20
 0.0520 -0.0102 -0.0073 -0.0027 -0.0009 -0.0002 -0.0000 -0.0000  0.0000  0.0000  0.0000 -0.0000  0.0000  0.0001 -0.0004 -0.0096  0.0066 0.5886 0.9499  0.4340
 0.0381  0.0112  0.0021  0.0004  0.0001  0.0001  0.0000  0.0000  0.0000 -0.0000 -0.0000 -0.0000 -0.0000 -0.0001  0.0011  0.0101 -0.0825 0.9786 1.0411 -0.0003
-0.0222 -0.0020  0.0003  0.0002  0.0000 -0.0000 -0.0000 -0.0000 -0.0000 -0.0000  0.0000  0.0000  0.0000 -0.0000 -0.0033  0.0111  0.2079 1.0648 0.8172 -0.0741
-0.0106 -0.0061 -0.0021 -0.0007 -0.0002 -0.0001 -0.0000  0.0000  0.0000  0.0000 -0.0000 -0.0000  0.0000  0.0004 -0.0031 -0.0293  0.6096 0.9997 0.4064  0.0359
================================================================================