================================================================================
AdvecDriver1D - Log de Execução
Data e Hora: 2025-06-03 11:56:29
================================================================================

1. Informações de Discretização Espacial
---------------------------------------------------------------------------
Dimensão espacial: 1
Ordem de interpolação polinomial, N: 2
Número de elementos, K: 8
Vértices, VX: [0.    0.125 0.25  0.375 0.5   0.625 0.75  0.875 1.   ]
Número de vértices: 9
EToV:
[[0 1]
 [1 2]
 [2 3]
 [3 4]
 [4 5]
 [5 6]
 [6 7]
 [7 8]]

2. Inicialização - StartUp1D
---------------------------------------------------------------------------
Pontos de colocação (LGL): [-1.  0.  1.]

Coordenadas nodais x:
[[0.     0.125  0.25   0.375  0.5    0.625  0.75   0.875 ]
 [0.0625 0.1875 0.3125 0.4375 0.5625 0.6875 0.8125 0.9375]
 [0.125  0.25   0.375  0.5    0.625  0.75   0.875  1.    ]]

Jacobiano:
[[0.0625 0.0625 0.0625 0.0625 0.0625 0.0625 0.0625 0.0625]
 [0.0625 0.0625 0.0625 0.0625 0.0625 0.0625 0.0625 0.0625]
 [0.0625 0.0625 0.0625 0.0625 0.0625 0.0625 0.0625 0.0625]]

Jacobiano inverso rx:
[[16. 16. 16. 16. 16. 16. 16. 16.]
 [16. 16. 16. 16. 16. 16. 16. 16.]
 [16. 16. 16. 16. 16. 16. 16. 16.]]

Mapas de conectividade:
  vmapM: [ 0  2  3  5  6  8  9 11 12 14 15 17 18 20 21 23]
  vmapP: [23  3  2  6  5  9  8 12 11 15 14 18 17 21 20  0]
  vmapB: [ 0 23]
   mapB: [ 0 15]

Normais nas interfaces nx:
[[-1. -1. -1. -1. -1. -1. -1. -1.]
 [ 1.  1.  1.  1.  1.  1.  1.  1.]]

3. Informações do Driver
---------------------------------------------------------------------------
Tipo de fluxo: Upwind
Velocidade de advecção, a: 1
Número de Courant-Friedrichs-Lewy, CFL: 0.75
Passo de tempo, dt: 3.7300e-03
Tempo final, FinalTime: 1.0000e+01
Condição de contorno: {'LEFT': 'Periodic', 'RIGHT': 'Periodic'}

DG Solution u_h @ t = 10.00
---------------------------
     D1     D2     D3     D4      D5      D6      D7      D8
-0.0075 0.7023 1.0007 0.7129  0.0075 -0.7023 -1.0007 -0.7129
 0.3829 0.9215 0.9203 0.3800 -0.3829 -0.9215 -0.9203 -0.3800
 0.7047 0.9971 0.7054 0.0005 -0.7047 -0.9971 -0.7054 -0.0005

Solução Analítica u_a @ t = 10.00
---------------------------------
    D1     D2     D3      D4      D5      D6      D7      D8
0.0000 0.7071 1.0000  0.7071 -0.0000 -0.7071 -1.0000 -0.7071
0.3827 0.9239 0.9239  0.3827 -0.3827 -0.9239 -0.9239 -0.3827
0.7071 1.0000 0.7071 -0.0000 -0.7071 -1.0000 -0.7071  0.0000

🌐 Correlação entre solução analítica e numérica: 0.92
================================================================================