================================================================================
AdvecDriver1D - Log de Execução
Data e Hora: 2025-06-13 08:37:10
================================================================================

1. Informações de Discretização Espacial
---------------------------------------------------------------------------
Dimensão espacial: 1
Ordem de interpolação polinomial, N: 4
Número de elementos, K: 40
Vértices, VX: [ 0.    1.25  2.5   3.75  5.    6.25  7.5   8.75 10.   11.25 12.5  13.75
 15.   16.25 17.5  18.75 20.   21.25 22.5  23.75 25.   26.25 27.5  28.75
 30.   31.25 32.5  33.75 35.   36.25 37.5  38.75 40.   41.25 42.5  43.75
 45.   46.25 47.5  48.75 50.  ]
Número de vértices: 41
EToV:
[[ 0  1]
 [ 1  2]
 [ 2  3]
 [ 3  4]
 [ 4  5]
 [ 5  6]
 [ 6  7]
 [ 7  8]
 [ 8  9]
 [ 9 10]
 [10 11]
 [11 12]
 [12 13]
 [13 14]
 [14 15]
 [15 16]
 [16 17]
 [17 18]
 [18 19]
 [19 20]
 [20 21]
 [21 22]
 [22 23]
 [23 24]
 [24 25]
 [25 26]
 [26 27]
 [27 28]
 [28 29]
 [29 30]
 [30 31]
 [31 32]
 [32 33]
 [33 34]
 [34 35]
 [35 36]
 [36 37]
 [37 38]
 [38 39]
 [39 40]]

2. Inicialização - StartUp1D
---------------------------------------------------------------------------
Pontos de colocação (LGL): [-1.     -0.6547  0.      0.6547  1.    ]

Coordenadas nodais x:
[[ 0.      1.25    2.5     3.75    5.      6.25    7.5     8.75   10.
  11.25   12.5    13.75   15.     16.25   17.5    18.75   20.     21.25
  22.5    23.75   25.     26.25   27.5    28.75   30.     31.25   32.5
  33.75   35.     36.25   37.5    38.75   40.     41.25   42.5    43.75
  45.     46.25   47.5    48.75  ]
 [ 0.2158  1.4658  2.7158  3.9658  5.2158  6.4658  7.7158  8.9658 10.2158
  11.4658 12.7158 13.9658 15.2158 16.4658 17.7158 18.9658 20.2158 21.4658
  22.7158 23.9658 25.2158 26.4658 27.7158 28.9658 30.2158 31.4658 32.7158
  33.9658 35.2158 36.4658 37.7158 38.9658 40.2158 41.4658 42.7158 43.9658
  45.2158 46.4658 47.7158 48.9658]
 [ 0.625   1.875   3.125   4.375   5.625   6.875   8.125   9.375  10.625
  11.875  13.125  14.375  15.625  16.875  18.125  19.375  20.625  21.875
  23.125  24.375  25.625  26.875  28.125  29.375  30.625  31.875  33.125
  34.375  35.625  36.875  38.125  39.375  40.625  41.875  43.125  44.375
  45.625  46.875  48.125  49.375 ]
 [ 1.0342  2.2842  3.5342  4.7842  6.0342  7.2842  8.5342  9.7842 11.0342
  12.2842 13.5342 14.7842 16.0342 17.2842 18.5342 19.7842 21.0342 22.2842
  23.5342 24.7842 26.0342 27.2842 28.5342 29.7842 31.0342 32.2842 33.5342
  34.7842 36.0342 37.2842 38.5342 39.7842 41.0342 42.2842 43.5342 44.7842
  46.0342 47.2842 48.5342 49.7842]
 [ 1.25    2.5     3.75    5.      6.25    7.5     8.75   10.     11.25
  12.5    13.75   15.     16.25   17.5    18.75   20.     21.25   22.5
  23.75   25.     26.25   27.5    28.75   30.     31.25   32.5    33.75
  35.     36.25   37.5    38.75   40.     41.25   42.5    43.75   45.
  46.25   47.5    48.75   50.    ]]

Jacobiano:
[[0.625 0.625 0.625 0.625 0.625 0.625 0.625 0.625 0.625 0.625 0.625 0.625
  0.625 0.625 0.625 0.625 0.625 0.625 0.625 0.625 0.625 0.625 0.625 0.625
  0.625 0.625 0.625 0.625 0.625 0.625 0.625 0.625 0.625 0.625 0.625 0.625
  0.625 0.625 0.625 0.625]
 [0.625 0.625 0.625 0.625 0.625 0.625 0.625 0.625 0.625 0.625 0.625 0.625
  0.625 0.625 0.625 0.625 0.625 0.625 0.625 0.625 0.625 0.625 0.625 0.625
  0.625 0.625 0.625 0.625 0.625 0.625 0.625 0.625 0.625 0.625 0.625 0.625
  0.625 0.625 0.625 0.625]
 [0.625 0.625 0.625 0.625 0.625 0.625 0.625 0.625 0.625 0.625 0.625 0.625
  0.625 0.625 0.625 0.625 0.625 0.625 0.625 0.625 0.625 0.625 0.625 0.625
  0.625 0.625 0.625 0.625 0.625 0.625 0.625 0.625 0.625 0.625 0.625 0.625
  0.625 0.625 0.625 0.625]
 [0.625 0.625 0.625 0.625 0.625 0.625 0.625 0.625 0.625 0.625 0.625 0.625
  0.625 0.625 0.625 0.625 0.625 0.625 0.625 0.625 0.625 0.625 0.625 0.625
  0.625 0.625 0.625 0.625 0.625 0.625 0.625 0.625 0.625 0.625 0.625 0.625
  0.625 0.625 0.625 0.625]
 [0.625 0.625 0.625 0.625 0.625 0.625 0.625 0.625 0.625 0.625 0.625 0.625
  0.625 0.625 0.625 0.625 0.625 0.625 0.625 0.625 0.625 0.625 0.625 0.625
  0.625 0.625 0.625 0.625 0.625 0.625 0.625 0.625 0.625 0.625 0.625 0.625
  0.625 0.625 0.625 0.625]]

Jacobiano inverso rx:
[[1.6 1.6 1.6 1.6 1.6 1.6 1.6 1.6 1.6 1.6 1.6 1.6 1.6 1.6 1.6 1.6 1.6 1.6
  1.6 1.6 1.6 1.6 1.6 1.6 1.6 1.6 1.6 1.6 1.6 1.6 1.6 1.6 1.6 1.6 1.6 1.6
  1.6 1.6 1.6 1.6]
 [1.6 1.6 1.6 1.6 1.6 1.6 1.6 1.6 1.6 1.6 1.6 1.6 1.6 1.6 1.6 1.6 1.6 1.6
  1.6 1.6 1.6 1.6 1.6 1.6 1.6 1.6 1.6 1.6 1.6 1.6 1.6 1.6 1.6 1.6 1.6 1.6
  1.6 1.6 1.6 1.6]
 [1.6 1.6 1.6 1.6 1.6 1.6 1.6 1.6 1.6 1.6 1.6 1.6 1.6 1.6 1.6 1.6 1.6 1.6
  1.6 1.6 1.6 1.6 1.6 1.6 1.6 1.6 1.6 1.6 1.6 1.6 1.6 1.6 1.6 1.6 1.6 1.6
  1.6 1.6 1.6 1.6]
 [1.6 1.6 1.6 1.6 1.6 1.6 1.6 1.6 1.6 1.6 1.6 1.6 1.6 1.6 1.6 1.6 1.6 1.6
  1.6 1.6 1.6 1.6 1.6 1.6 1.6 1.6 1.6 1.6 1.6 1.6 1.6 1.6 1.6 1.6 1.6 1.6
  1.6 1.6 1.6 1.6]
 [1.6 1.6 1.6 1.6 1.6 1.6 1.6 1.6 1.6 1.6 1.6 1.6 1.6 1.6 1.6 1.6 1.6 1.6
  1.6 1.6 1.6 1.6 1.6 1.6 1.6 1.6 1.6 1.6 1.6 1.6 1.6 1.6 1.6 1.6 1.6 1.6
  1.6 1.6 1.6 1.6]]

Mapas de conectividade:
  vmapM: [  0   4   5   9  10  14  15  19  20  24  25  29  30  34  35  39  40  44
  45  49  50  54  55  59  60  64  65  69  70  74  75  79  80  84  85  89
  90  94  95  99 100 104 105 109 110 114 115 119 120 124 125 129 130 134
 135 139 140 144 145 149 150 154 155 159 160 164 165 169 170 174 175 179
 180 184 185 189 190 194 195 199]
  vmapP: [199   5   4  10   9  15  14  20  19  25  24  30  29  35  34  40  39  45
  44  50  49  55  54  60  59  65  64  70  69  75  74  80  79  85  84  90
  89  95  94 100  99 105 104 110 109 115 114 120 119 125 124 130 129 135
 134 140 139 145 144 150 149 155 154 160 159 165 164 170 169 175 174 180
 179 185 184 190 189 195 194   0]
  vmapB: [  0 199]
   mapB: [ 0 79]

Normais nas interfaces nx:
[[-1. -1. -1. -1. -1. -1. -1. -1. -1. -1. -1. -1. -1. -1. -1. -1. -1. -1.
  -1. -1. -1. -1. -1. -1. -1. -1. -1. -1. -1. -1. -1. -1. -1. -1. -1. -1.
  -1. -1. -1. -1.]
 [ 1.  1.  1.  1.  1.  1.  1.  1.  1.  1.  1.  1.  1.  1.  1.  1.  1.  1.
   1.  1.  1.  1.  1.  1.  1.  1.  1.  1.  1.  1.  1.  1.  1.  1.  1.  1.
   1.  1.  1.  1.]]

3. Informações do Driver
---------------------------------------------------------------------------
Tipo de fluxo: Upwind
Condição de contorno: {'LEFT': 'PEC', 'RIGHT': 'PEC'}

DG Solution u_h
---------------
     D1      D2      D3      D4      D5      D6      D7      D8      D9     D10     D11     D12     D13     D14     D15     D16     D17     D18     D19     D20     D21     D22     D23     D24     D25     D26     D27    D28    D29     D30     D31     D32     D33     D34     D35     D36     D37     D38     D39     D40
 0.0000 -0.0000  0.0000 -0.0000  0.0000 -0.0000  0.0000  0.0000 -0.0000  0.0000 -0.0000 -0.0000  0.0000 -0.0000 -0.0000  0.0000  0.0000 -0.0000  0.0000  0.0000 -0.0000 -0.0000 -0.0000 -0.0000 -0.0001  0.0002 -0.0012 0.5362 0.9324  0.4577  0.0768  0.0063 -0.0088 -0.0001  0.0008 -0.0002  0.0000 -0.0000  0.0000 -0.0000
 0.0000 -0.0000  0.0000 -0.0000 -0.0000  0.0000 -0.0000  0.0000 -0.0000 -0.0000  0.0000 -0.0000 -0.0000  0.0000 -0.0000 -0.0000  0.0000  0.0000 -0.0000 -0.0000  0.0000  0.0000  0.0000  0.0000  0.0001  0.0007  0.0098 0.9277 1.0037  0.0849 -0.0122 -0.0146 -0.0013  0.0013 -0.0002 -0.0000  0.0000 -0.0000  0.0000 -0.0000
-0.0000  0.0000 -0.0000  0.0000 -0.0000 -0.0000  0.0000 -0.0000  0.0000  0.0000 -0.0000  0.0000  0.0000 -0.0000  0.0000  0.0000 -0.0000 -0.0000  0.0000  0.0000  0.0000 -0.0000 -0.0000 -0.0000 -0.0005 -0.0070 -0.0652 1.1036 1.0832 -0.0999 -0.0195  0.0038  0.0021 -0.0005 -0.0000  0.0000 -0.0000  0.0000 -0.0000  0.0000
 0.0000 -0.0000  0.0000 -0.0000  0.0000  0.0000 -0.0000  0.0000 -0.0000 -0.0000  0.0000 -0.0000 -0.0000  0.0000 -0.0000 -0.0000  0.0000  0.0000 -0.0000 -0.0000 -0.0000 -0.0000  0.0000  0.0000  0.0011  0.0123  0.2281 0.9349 0.7497  0.0506  0.0231  0.0020 -0.0020  0.0002  0.0001 -0.0000  0.0000 -0.0000  0.0000 -0.0000
 0.0000  0.0000 -0.0000  0.0000 -0.0000  0.0000 -0.0000 -0.0000  0.0000 -0.0000 -0.0000  0.0000 -0.0000 -0.0000  0.0000 -0.0000 -0.0000  0.0000 -0.0000 -0.0000 -0.0000  0.0000  0.0000  0.0001  0.0018  0.0198  0.5709 0.9280 0.4232  0.0576  0.0046 -0.0061 -0.0003  0.0006 -0.0002  0.0000 -0.0000 -0.0000  0.0000 -0.0000
================================================================================