================================================================================
AdvecDriver1D - Log de Execução
Data e Hora: 2025-06-13 08:34:56
================================================================================

1. Informações de Discretização Espacial
---------------------------------------------------------------------------
Dimensão espacial: 1
Ordem de interpolação polinomial, N: 3
Número de elementos, K: 20
Vértices, VX: [0.   0.05 0.1  0.15 0.2  0.25 0.3  0.35 0.4  0.45 0.5  0.55 0.6  0.65
 0.7  0.75 0.8  0.85 0.9  0.95 1.  ]
Número de vértices: 21
EToV:
[[ 0  1]
 [ 1  2]
 [ 2  3]
 [ 3  4]
 [ 4  5]
 [ 5  6]
 [ 6  7]
 [ 7  8]
 [ 8  9]
 [ 9 10]
 [10 11]
 [11 12]
 [12 13]
 [13 14]
 [14 15]
 [15 16]
 [16 17]
 [17 18]
 [18 19]
 [19 20]]

2. Inicialização - StartUp1D
---------------------------------------------------------------------------
Pontos de colocação (LGL): [-1.     -0.4472  0.4472  1.    ]

Coordenadas nodais x:
[[0.     0.05   0.1    0.15   0.2    0.25   0.3    0.35   0.4    0.45
  0.5    0.55   0.6    0.65   0.7    0.75   0.8    0.85   0.9    0.95  ]
 [0.0138 0.0638 0.1138 0.1638 0.2138 0.2638 0.3138 0.3638 0.4138 0.4638
  0.5138 0.5638 0.6138 0.6638 0.7138 0.7638 0.8138 0.8638 0.9138 0.9638]
 [0.0362 0.0862 0.1362 0.1862 0.2362 0.2862 0.3362 0.3862 0.4362 0.4862
  0.5362 0.5862 0.6362 0.6862 0.7362 0.7862 0.8362 0.8862 0.9362 0.9862]
 [0.05   0.1    0.15   0.2    0.25   0.3    0.35   0.4    0.45   0.5
  0.55   0.6    0.65   0.7    0.75   0.8    0.85   0.9    0.95   1.    ]]

Jacobiano:
[[0.025 0.025 0.025 0.025 0.025 0.025 0.025 0.025 0.025 0.025 0.025 0.025
  0.025 0.025 0.025 0.025 0.025 0.025 0.025 0.025]
 [0.025 0.025 0.025 0.025 0.025 0.025 0.025 0.025 0.025 0.025 0.025 0.025
  0.025 0.025 0.025 0.025 0.025 0.025 0.025 0.025]
 [0.025 0.025 0.025 0.025 0.025 0.025 0.025 0.025 0.025 0.025 0.025 0.025
  0.025 0.025 0.025 0.025 0.025 0.025 0.025 0.025]
 [0.025 0.025 0.025 0.025 0.025 0.025 0.025 0.025 0.025 0.025 0.025 0.025
  0.025 0.025 0.025 0.025 0.025 0.025 0.025 0.025]]

Jacobiano inverso rx:
[[40. 40. 40. 40. 40. 40. 40. 40. 40. 40. 40. 40. 40. 40. 40. 40. 40. 40.
  40. 40.]
 [40. 40. 40. 40. 40. 40. 40. 40. 40. 40. 40. 40. 40. 40. 40. 40. 40. 40.
  40. 40.]
 [40. 40. 40. 40. 40. 40. 40. 40. 40. 40. 40. 40. 40. 40. 40. 40. 40. 40.
  40. 40.]
 [40. 40. 40. 40. 40. 40. 40. 40. 40. 40. 40. 40. 40. 40. 40. 40. 40. 40.
  40. 40.]]

Mapas de conectividade:
  vmapM: [ 0  3  4  7  8 11 12 15 16 19 20 23 24 27 28 31 32 35 36 39 40 43 44 47
 48 51 52 55 56 59 60 63 64 67 68 71 72 75 76 79]
  vmapP: [79  4  3  8  7 12 11 16 15 20 19 24 23 28 27 32 31 36 35 40 39 44 43 48
 47 52 51 56 55 60 59 64 63 68 67 72 71 76 75  0]
  vmapB: [ 0 79]
   mapB: [ 0 39]

Normais nas interfaces nx:
[[-1. -1. -1. -1. -1. -1. -1. -1. -1. -1. -1. -1. -1. -1. -1. -1. -1. -1.
  -1. -1.]
 [ 1.  1.  1.  1.  1.  1.  1.  1.  1.  1.  1.  1.  1.  1.  1.  1.  1.  1.
   1.  1.]]

3. Informações do Driver
---------------------------------------------------------------------------
Tipo de fluxo: Centered
Condição de contorno: {'LEFT': 'PEC', 'RIGHT': 'PEC'}

DG Solution u_h
---------------
    D1     D2     D3     D4     D5     D6     D7     D8     D9    D10    D11    D12     D13     D14     D15     D16     D17     D18     D19     D20
0.0001 0.0021 0.0183 0.1054 0.3678 0.7786 1.0000 0.7789 0.3678 0.1055 0.0185 0.0019 -0.0000 -0.0001  0.0001  0.0002 -0.0000 -0.0001  0.0000 -0.0001
0.0002 0.0037 0.0312 0.1566 0.4759 0.8774 0.9812 0.6654 0.2736 0.0682 0.0104 0.0011  0.0001 -0.0001 -0.0001 -0.0000  0.0001  0.0001  0.0001  0.0001
0.0010 0.0105 0.0683 0.2736 0.6653 0.9810 0.8774 0.4760 0.1566 0.0312 0.0037 0.0002  0.0001  0.0001  0.0001 -0.0000 -0.0001 -0.0001 -0.0000  0.0000
0.0018 0.0179 0.1054 0.3684 0.7793 0.9998 0.7782 0.3678 0.1056 0.0184 0.0019 0.0001 -0.0001  0.0000 -0.0000  0.0000  0.0002 -0.0000 -0.0001  0.0003
================================================================================